[2026-04-29 11:07:44] [System] [Status] Sunny connected
[2026-04-29 11:08:03] [User] [Chat] [Sunny]: 

[2026-04-29 11:08:03] [User] [Chat] [Sunny]: >Hello Mado

[2026-04-29 11:10:16] [User] [Chat] [Sunny]: ./

[2026-04-29 11:10:22] [User] [Chat] [Sunny]: ./client

[2026-04-29 11:10:51] [System] [Status] Mado connected
[2026-04-29 11:11:07] [User] [Chat] [Mado]: 

[2026-04-29 11:11:07] [User] [Chat] [Mado]: Hello Sunny

[2026-04-29 11:11:26] [User] [Chat] [Sunny]: Hey, love you

[2026-04-29 11:15:34] [User] [Chat] [Mado]: exit

[2026-04-29 11:16:06] [User] [Chat] [Sunny]: What do ya think about this chat system?

[2026-04-29 11:16:50] [User] [Chat] [Mado]: Super cool! You're a genious!

[2026-04-29 11:17:02] [User] [Chat] [Sunny]: Aw, thanks. But you helped me a lot

[2026-04-29 11:17:12] [User] [Chat] [Mado]: Hehe..

[2026-04-29 11:17:21] [User] [Chat] [Mado]: So... ho do we exit?

[2026-04-29 11:17:57] [User] [Chat] [Sunny]: easy, type >/exit

[2026-04-29 11:18:02] [User] [Chat] [Mado]: okay

[2026-04-29 11:18:05] [User] [Chat] [Mado]: >/exit

[2026-04-29 11:19:25] [System] [Status] Mado disconnected
[2026-04-29 11:19:41] [User] [Chat] [Sunny]: That's wrong, just /exit

[2026-04-29 11:19:45] [System] [Status] Sunny disconnected
[2026-04-29 11:21:00] [System] [Status] Sunny connected
[2026-04-29 11:21:50] [User] [Chat] [Sunny]: 

[2026-04-29 11:21:50] [User] [Chat] [Sunny]: Hey, have you logged in?

[2026-04-29 11:21:56] [System] [Status] Sunny disconnected
[2026-04-29 11:22:07] [System] [Status] Sunny connected
[2026-04-29 11:22:43] [System] [Status] Madotsuki connected
[2026-04-29 11:23:05] [User] [Chat] [Sunny]: 

[2026-04-29 11:23:05] [User] [Chat] [Sunny]: Hey, have you logged in again?

[2026-04-29 11:23:22] [User] [Chat] [Madotsuki]: 

[2026-04-29 11:23:22] [User] [Chat] [Madotsuki]: Yeah! this is so cool, Sun1

[2026-04-29 11:23:29] [User] [Chat] [Madotsuki]: oops

[2026-04-29 11:23:45] [User] [Chat] [Sunny]: Forgot to press shift;) ?

[2026-04-29 11:23:53] [User] [Chat] [Madotsuki]: Yeah, haha

[2026-04-29 11:25:26] [User] [Chat] [Madotsuki]: Wanna invite others here?

[2026-04-29 11:26:05] [User] [Chat] [Sunny]: Sure, we can get Sahir and Alice here

[2026-04-29 11:26:20] [User] [Chat] [Madotsuki]: What about Andrew and his pals?

[2026-04-29 11:26:29] [User] [Chat] [Sunny]: Hey, slowly!

[2026-04-29 11:26:43] [User] [Chat] [Madotsuki]: Okay, i just though it'll be cool

[2026-04-29 11:28:05] [User] [Chat] [Madotsuki]: Oh, BTW, since you made this, you should make yourself an admin

[2026-04-29 11:28:09] [User] [Chat] [Sunny]: Right!

[2026-04-29 11:34:13] [User] [Chat] [Sunny]: Hold on

[2026-04-29 11:34:16] [System] [Status] Sunny disconnected
[2026-04-29 11:38:24] [System] [Status] fdsdsvds connected
[2026-04-29 11:38:27] [User] [Chat] [fdsdsvds]: 

[2026-04-29 11:38:27] [System] [Status] fdsdsvds disconnected
[2026-04-29 11:38:38] [User] [Chat] [Madotsuki]: Sunny?

[2026-04-29 12:09:09] [System] [Status] Sunny connected
[2026-04-29 12:09:12] [User] [Chat] [Sunny]: 

[2026-04-29 12:09:12] [User] [Chat] [Sunny]: Mado?

[2026-04-29 12:09:25] [User] [Chat] [Madotsuki]: Were you screaming?

[2026-04-29 12:09:35] [User] [Chat] [Sunny]: Yeah, tryingto fix a bug

[2026-04-29 12:09:56] [User] [Chat] [Madotsuki]: Can I come to the bedroom?

[2026-04-29 12:10:00] [User] [Chat] [Sunny]: sure

[2026-04-29 12:10:05] [System] [Status] Madotsuki disconnected
[2026-04-29 12:10:12] [System] [Status] Sunny disconnected
[2026-04-29 12:24:26] [System] [Status] TheKnights connected
[2026-04-29 12:25:47] [System] [Status] Madotsuki connected
[2026-04-29 12:25:49] [User] [Chat] [Madotsuki]: 

[2026-04-29 12:25:49] [User] [Chat] [Madotsuki]: Hey!

[2026-04-29 12:26:42] [Admin] [Command] /users
[2026-04-29 12:26:53] [Admin] [Command] /uptime
[2026-04-29 12:27:20] [User] [Chat] [TheKnights]: Hey, can u see me?

[2026-04-29 12:36:16] [User] [Chat] [Madotsuki]: Yes! But as knights

[2026-04-29 12:36:23] [User] [Chat] [TheKnights]: Wow..

[2026-04-29 12:36:41] [User] [Chat] [TheKnights]: I can shutdown servers

[2026-04-29 12:36:47] [User] [Chat] [Madotsuki]: What will happen?

[2026-04-29 12:36:55] [User] [Chat] [TheKnights]: Well, let's see

[2026-04-29 12:36:58] [Admin] [Command] /shutdown
[2026-04-29 12:39:07] [System] [Status] Madotsuki connected
[2026-04-29 12:39:31] [System] [Status] TheKnights connected
[2026-04-29 12:39:36] [User] [Chat] [TheKnights]: Mado!

[2026-04-29 12:43:57] [User] [Chat] [Madotsuki]: 

[2026-04-29 12:43:57] [User] [Chat] [Madotsuki]: Hey!

[2026-04-29 12:44:14] [User] [Chat] [Madotsuki]: U had to restart server?

[2026-04-29 12:44:23] [User] [Chat] [TheKnights]: Not really, find the node

[2026-04-29 12:44:39] [User] [Chat] [Madotsuki]: Okay then, can you become a normal user? I wanna chat with u

[2026-04-29 12:44:42] [User] [Chat] [TheKnights]: sure

[2026-04-29 12:44:43] [System] [Status] TheKnights disconnected
[2026-04-29 12:44:48] [System] [Status] Sunny connected
[2026-04-29 12:44:52] [User] [Chat] [Sunny]: 

[2026-04-29 12:44:52] [User] [Chat] [Sunny]: Hey

[2026-04-29 12:44:55] [User] [Chat] [Madotsuki]: Yes!

[2026-04-29 12:48:12] [User] [Chat] [Sunny]: Alright

[2026-04-29 12:48:15] [System] [Status] Sunny disconnected
[2026-04-29 12:48:20] [System] [Status] Madotsuki disconnected
[2026-04-29 12:49:30] [System] [Status] ThekNights connected
[2026-04-29 12:49:34] [User] [Chat] [ThekNights]: 

[2026-04-29 12:49:34] [System] [Status] ThekNights disconnected
